<?xml version="1.0" encoding="UTF-8"?>
<!-- Generated by org.testng.reporters.JUnitReportReporter -->
<testsuite skipped="0" hostname="USER-20171218ZX" name="APITest.bzjAPITest" tests="2" failures="0" timestamp="23 八月 2018 03:25:06 GMT" time="2.373" errors="0">
  <testcase name="test1" time="2.373" classname="APITest.bzjAPITest"/>
  <testcase name="test2" time="0.000" classname="APITest.bzjAPITest"/>
</testsuite> <!-- APITest.bzjAPITest -->
