<?xml version="1.0" encoding="UTF-8"?>
<!-- Generated by org.testng.reporters.JUnitReportReporter -->
<testsuite skipped="0" hostname="USER-20171218ZX" name="APITest.bzjAPITest" tests="1" failures="0" timestamp="23 八月 2018 01:34:50 GMT" time="2.413" errors="0">
  <testcase name="test1" time="2.413" classname="APITest.bzjAPITest"/>
</testsuite> <!-- APITest.bzjAPITest -->
